android/build/intermediates/manifest_merge_blame_file/debug/manifest-merger-blame-debug-report.txt
1<?xml version="1.0" encoding="utf-8"?>
2<manifest xmlns:android="http://schemas.android.com/apk/res/android"
3    xmlns:tools="http://schemas.android.com/tools"
4    package="cn.reactnative.modules.share" >
5
6    <uses-sdk
7        android:minSdkVersion="16"
7-->src/main/AndroidManifest.xml
8        android:targetSdkVersion="23" />
8-->src/main/AndroidManifest.xml
9
10    <uses-permission android:name="android.permission.INTERNET" />
10-->src/main/AndroidManifest.xml:5:5-67
10-->src/main/AndroidManifest.xml:5:22-64
11    <uses-permission android:name="android.permission.ACCESS_WIFI_STATE" />
11-->src/main/AndroidManifest.xml:6:5-76
11-->src/main/AndroidManifest.xml:6:22-73
12    <uses-permission android:name="android.permission.ACCESS_NETWORK_STATE" />
12-->src/main/AndroidManifest.xml:7:5-79
12-->src/main/AndroidManifest.xml:7:22-76
13    <uses-permission android:name="android.permission.WRITE_EXTERNAL_STORAGE" />
13-->src/main/AndroidManifest.xml:8:5-81
13-->src/main/AndroidManifest.xml:8:22-78
14
15    <application android:allowBackup="false" >
15-->src/main/AndroidManifest.xml:10:5-60:19
15-->src/main/AndroidManifest.xml:11:9-36
16        <meta-data
16-->src/main/AndroidManifest.xml:13:9-74
17            android:name="WB_APPID"
17-->src/main/AndroidManifest.xml:13:20-43
18            android:value="${WB_APPID}" />
18-->src/main/AndroidManifest.xml:13:44-71
19
20        <activity
20-->src/main/AndroidManifest.xml:14:9-18:20
21            android:name="com.sina.weibo.sdk.component.WeiboSdkBrowser"
21-->src/main/AndroidManifest.xml:14:19-78
22            android:configChanges="keyboardHidden|orientation"
22-->src/main/AndroidManifest.xml:15:13-63
23            android:exported="false"
23-->src/main/AndroidManifest.xml:17:13-37
24            android:windowSoftInputMode="adjustResize" >
24-->src/main/AndroidManifest.xml:16:13-55
25        </activity>
26
27        <service
27-->src/main/AndroidManifest.xml:19:9-21:19
28            android:name="com.sina.weibo.sdk.net.DownloadService"
28-->src/main/AndroidManifest.xml:19:18-71
29            android:exported="false" >
29-->src/main/AndroidManifest.xml:20:13-37
30        </service>
31
32        <uses-library
32-->src/main/AndroidManifest.xml:23:9-25:40
33            android:name="org.apache.http.legacy"
33-->src/main/AndroidManifest.xml:24:13-50
34            android:required="false" />
34-->src/main/AndroidManifest.xml:25:13-37
35
36        <meta-data
37            android:name="QQ_APPID"
37-->src/main/AndroidManifest.xml:28:13-36
38            android:value="${QQ_APPID}" />
38-->src/main/AndroidManifest.xml:29:13-40
39
40        <activity
40-->src/main/AndroidManifest.xml:31:9-43:20
41            android:name="com.tencent.tauth.AuthActivity"
41-->src/main/AndroidManifest.xml:32:13-58
42            android:launchMode="singleTask"
42-->src/main/AndroidManifest.xml:33:13-44
43            android:noHistory="true" >
43-->src/main/AndroidManifest.xml:34:13-37
44            <intent-filter>
44-->src/main/AndroidManifest.xml:35:13-42:29
45                <action android:name="android.intent.action.VIEW" />
45-->src/main/AndroidManifest.xml:36:17-69
45-->src/main/AndroidManifest.xml:36:25-66
46
47                <category android:name="android.intent.category.DEFAULT" />
47-->src/main/AndroidManifest.xml:38:17-76
47-->src/main/AndroidManifest.xml:38:27-73
48                <category android:name="android.intent.category.BROWSABLE" />
48-->src/main/AndroidManifest.xml:39:17-78
48-->src/main/AndroidManifest.xml:39:27-75
49
50                <data android:scheme="tencent${QQ_APPID}" />
50-->src/main/AndroidManifest.xml:41:23-58
51            </intent-filter>
52        </activity>
53        <activity
53-->src/main/AndroidManifest.xml:44:9-47:75
54            android:name="com.tencent.connect.common.AssistActivity"
54-->src/main/AndroidManifest.xml:45:13-69
55            android:configChanges="orientation|keyboardHidden|screenSize"
55-->src/main/AndroidManifest.xml:46:13-74
56            android:theme="@android:style/Theme.Translucent.NoTitleBar" />
56-->src/main/AndroidManifest.xml:47:13-72
57
58        <provider
58-->src/main/AndroidManifest.xml:49:9-59:20
59            android:name="cn.reactnative.modules.share.RNQQLibFileProvider"
59-->src/main/AndroidManifest.xml:50:13-76
60            android:authorities="${applicationId}.fileprovider"
60-->src/main/AndroidManifest.xml:51:13-64
61            android:exported="false"
61-->src/main/AndroidManifest.xml:52:13-37
62            android:grantUriPermissions="true"
62-->src/main/AndroidManifest.xml:53:13-47
63            tools:replace="android:authorities" >
63-->src/main/AndroidManifest.xml:54:13-48
64            <meta-data
64-->src/main/AndroidManifest.xml:55:13-58:52
65                android:name="android.support.FILE_PROVIDER_PATHS"
65-->src/main/AndroidManifest.xml:56:17-67
66                android:resource="@xml/qq_file_paths"
66-->src/main/AndroidManifest.xml:57:17-54
67                tools:replace="android:resource" />
67-->src/main/AndroidManifest.xml:58:17-49
68        </provider>
69    </application>
70
71</manifest>